Arguments: 
  C:\Program Files\nodejs\node.exe C:\Users\tiago\AppData\Roaming\npm\node_modules\yarn\bin\yarn.js

PATH: 
  C:\Users\tiago\bin;C:\Program Files\Git\mingw64\bin;C:\Program Files\Git\usr\local\bin;C:\Program Files\Git\usr\bin;C:\Program Files\Git\usr\bin;C:\Program Files\Git\mingw64\bin;C:\Program Files\Git\usr\bin;C:\Users\tiago\bin;C:\Program Files\Zulu\zulu-20\bin;C:\Windows\system32;C:\Windows;C:\Windows\System32\Wbem;C:\Windows\System32\WindowsPowerShell\v1.0;C:\Windows\System32\OpenSSH;C:\Program Files\Microsoft SQL Server\150\Tools\Binn;C:\Program Files\Microsoft SQL Server\Client SDK\ODBC\170\Tools\Binn;C:\Program Files\Docker\Docker\resources\bin;C:\Program Files\Git\cmd;C:\Program Files\nodejs;C:\Program Files\dotnet;C:\Users\tiago\AppData\Local\pnpm;C:\Users\tiago\AppData\Local\Programs\Python\Python312\Scripts;C:\Users\tiago\AppData\Local\Programs\Python\Python312;C:\Users\tiago\.console-ninja\.bin;C:\Users\tiago\AppData\Local\pnpm;C:\Users\tiago\AppData\Local\Programs\Python\Python311\Scripts;C:\Users\tiago\AppData\Local\Programs\Python\Python311;C:\Users\tiago\AppData\Local\Microsoft\WindowsApps;C:\Users\tiago\AppData\Local\Programs\Microsoft VS Code\bin;C:\Users\tiago\.dotnet\tools;C:\Users\tiago\AppData\Local\GitHubDesktop\bin;C:\Users\tiago\AppData\Local\gitkraken\bin;C:\Users\tiago\AppData\Roaming\npm;C:\Users\tiago\.dotnet\tools;C:\Program Files\Git\usr\bin\vendor_perl;C:\Program Files\Git\usr\bin\core_perl

Yarn version: 
  1.22.19

Node version: 
  21.4.0

Platform: 
  win32 x64

Trace: 
  SyntaxError: D:\workspace\node projects\tcc\package.json: Expected double-quoted property name in JSON at position 330 (line 14 column 2)
      at JSON.parse (<anonymous>)
      at C:\Users\tiago\AppData\Roaming\npm\node_modules\yarn\lib\cli.js:1629:59
      at Generator.next (<anonymous>)
      at step (C:\Users\tiago\AppData\Roaming\npm\node_modules\yarn\lib\cli.js:310:30)
      at C:\Users\tiago\AppData\Roaming\npm\node_modules\yarn\lib\cli.js:321:13

npm manifest: 
  {
  	"name": "tcc",
  	"version": "1.0.0",
  	"description": "",
  	"main": "index.js",
  	"type": "module",
  	"scripts": {
  		"start": "tsx src/server.ts",
  		"dev": "tsx watch src/server.ts",
  		"clean": "rimraf dist",
  		"migrate": "npx prisma migrate dev --name",
  		"test": "vitest",
  		"build": "rimraf dist && tsc -p tsconfig-build.json",
  	},
  	"keywords": [],
  	"author": "",
  	"license": "ISC",
  	"devDependencies": {
  		"@types/bcrypt": "^5.0.0",
  		"@types/benchmark": "^2.1.5",
  		"@types/cors": "^2.8.14",
  		"@types/express": "^4.17.19",
  		"@types/express-rate-limit": "^6.0.0",
  		"@types/helmet": "^4.0.0",
  		"@types/jest": "^29.5.5",
  		"@types/jsonwebtoken": "^9.0.3",
  		"@types/lodash": "^4.14.200",
  		"@types/module-alias": "^2.0.2",
  		"@types/node": "^20.8.6",
  		"@typescript-eslint/eslint-plugin": "^6.7.5",
  		"@typescript-eslint/parser": "^6.7.5",
  		"concurrently": "^8.2.2",
  		"dotenv": "^16.3.1",
  		"eslint": "^8.51.0",
  		"eslint-config-prettier": "^9.0.0",
  		"eslint-plugin-prettier": "^5.0.1",
  		"jest": "^29.7.0",
  		"jest-environment-node": "^29.7.0",
  		"jest-mock-extended": "^3.0.5",
  		"prettier": "^3.0.3",
  		"prisma": "^5.5.2",
  		"supertest": "^6.3.3",
  		"ts-jest": "^29.1.1",
  		"tsup": "^7.2.0",
  		"tsx": "^3.13.0",
  		"typescript": "^5.2.2",
  		"vite-tsconfig-paths": "^4.2.1",
  		"vitest": "^1.0.4",
  		"rimraf": "^5.0.5"
  	},
  	"_moduleAliases": {
  		"@": "dist"
  	},
  	"dependencies": {
  		"@prisma/client": "^5.4.2",
  		"bcrypt": "^5.1.1",
  		"benchmark": "^2.1.4",
  		"cors": "^2.8.5",
  		"express": "^4.18.2",
  		"express-rate-limit": "^7.1.3",
  		"helmet": "^7.0.0",
  		"jsonwebtoken": "^9.0.2",
  		"lodash": "^4.17.21",
  		"module-alias": "^2.2.3",
  		"vm2": "^3.9.19",
  		"zod": "^3.22.4"
  	}
  }

yarn manifest: 
  No manifest

Lockfile: 
  No lockfile
